Build started 9-1-2012 23:13:34.
     1>Project "C:\Users\Han\Documents\Visual Studio 2010\Projects\LuaCommunications\LuaCommunications\LuaCommunications.vcxproj" on node 3 (rebuild target(s)).
     1>_PrepareForClean:
         Deleting file "Debug\LuaCommunications.lastbuildstate".
       InitializeBuildStatus:
         Touching "Debug\LuaCommunications.unsuccessfulbuild".
       ClCompile:
         c:\Program Files (x86)\Microsoft Visual Studio 10.0\VC\bin\CL.exe /c /I"c:\Program Files (x86)\Lua\5.1\include" /ZI /nologo /W3 /WX- /Od /Oy- /D WIN32 /D _DEBUG /D _WINDOWS /D _USRDLL /D LUACOMMUNICATIONS_EXPORTS /D _WINDLL /D _UNICODE /D UNICODE /Gm /EHsc /RTC1 /MDd /GS /fp:precise /Zc:wchar_t /Zc:forScope /Fo"Debug\\" /Fd"Debug\vc100.pdb" /Gd /TC /analyze- /errorReport:prompt LuaCommunications.c
         LuaCommunications.c
     1>c:\users\han\documents\visual studio 2010\projects\luacommunications\luacommunications\luacommunications.c(6): warning C4716: 'Start' : must return a value
     1>c:\users\han\documents\visual studio 2010\projects\luacommunications\luacommunications\luacommunications.c(12): warning C4716: 'Poll' : must return a value
       ManifestResourceCompile:
         C:\Program Files (x86)\Microsoft SDKs\Windows\v7.0A\bin\rc.exe /nologo /fo"Debug\LuaCommunications.dll.embed.manifest.res" Debug\LuaCommunications_manifest.rc 
     1>C:\Program Files (x86)\MSBuild\Microsoft.Cpp\v4.0\Microsoft.CppBuild.targets(990,5): warning MSB8012: TargetPath(C:\Users\Han\Documents\Visual Studio 2010\Projects\LuaCommunications\Debug\LuaCommunications.dll) does not match the Linker's OutputFile property value (C:\LuaDevLibs\LuaCommunications.dll). This may cause your project to build incorrectly. To correct this, please make sure that $(OutDir), $(TargetName) and $(TargetExt) property values match the value specified in %(Link.OutputFile).
       Link:
         c:\Program Files (x86)\Microsoft Visual Studio 10.0\VC\bin\link.exe /ERRORREPORT:PROMPT /OUT:"C:\LuaDevLibs\LuaCommunications.dll" /INCREMENTAL /NOLOGO /LIBPATH:"c:\Program Files (x86)\Lua\5.1\lib" lua51.lib /MANIFEST /ManifestFile:"Debug\LuaCommunications.dll.intermediate.manifest" /MANIFESTUAC:"level='asInvoker' uiAccess='false'" /DEBUG /PDB:"C:\Users\Han\Documents\Visual Studio 2010\Projects\LuaCommunications\Debug\LuaCommunications.pdb" /SUBSYSTEM:WINDOWS /TLBID:1 /DYNAMICBASE /NXCOMPAT /IMPLIB:"C:\Users\Han\Documents\Visual Studio 2010\Projects\LuaCommunications\Debug\LuaCommunications.lib" /MACHINE:X86 /DLL Debug\LuaCommunications.dll.embed.manifest.res
         Debug\LuaCommunications.obj
       Manifest:
         Deleting file "Debug\LuaCommunications.dll.embed.manifest".
         C:\Program Files (x86)\Microsoft SDKs\Windows\v7.0A\bin\mt.exe /nologo /verbose /out:"Debug\LuaCommunications.dll.embed.manifest" /manifest Debug\LuaCommunications.dll.intermediate.manifest
         C:\Program Files (x86)\Microsoft SDKs\Windows\v7.0A\bin\rc.exe /nologo /fo"Debug\LuaCommunications.dll.embed.manifest.res" Debug\LuaCommunications_manifest.rc 
       LinkEmbedManifest:
         c:\Program Files (x86)\Microsoft Visual Studio 10.0\VC\bin\link.exe /ERRORREPORT:PROMPT /OUT:"C:\LuaDevLibs\LuaCommunications.dll" /INCREMENTAL /NOLOGO /LIBPATH:"c:\Program Files (x86)\Lua\5.1\lib" lua51.lib /MANIFEST /ManifestFile:"Debug\LuaCommunications.dll.intermediate.manifest" /MANIFESTUAC:"level='asInvoker' uiAccess='false'" /DEBUG /PDB:"C:\Users\Han\Documents\Visual Studio 2010\Projects\LuaCommunications\Debug\LuaCommunications.pdb" /SUBSYSTEM:WINDOWS /TLBID:1 /DYNAMICBASE /NXCOMPAT /IMPLIB:"C:\Users\Han\Documents\Visual Studio 2010\Projects\LuaCommunications\Debug\LuaCommunications.lib" /MACHINE:X86 /DLL Debug\LuaCommunications.dll.embed.manifest.res
         Debug\LuaCommunications.obj
         LuaCommunications.vcxproj -> C:\Users\Han\Documents\Visual Studio 2010\Projects\LuaCommunications\Debug\LuaCommunications.dll
       FinalizeBuildStatus:
         Deleting file "Debug\LuaCommunications.unsuccessfulbuild".
         Touching "Debug\LuaCommunications.lastbuildstate".
     1>Done Building Project "C:\Users\Han\Documents\Visual Studio 2010\Projects\LuaCommunications\LuaCommunications\LuaCommunications.vcxproj" (rebuild target(s)).

Build succeeded.

Time Elapsed 00:00:00.94
