Build started 9-1-2012 23:13:34.
     1>Project "C:\Users\Han\Documents\Visual Studio 2010\Projects\LuaCommunications\LuaCommModule\LuaCommModule.vcxproj" on node 2 (rebuild target(s)).
     1>_PrepareForClean:
         Deleting file "Debug\LuaCommModule.lastbuildstate".
       InitializeBuildStatus:
         Creating "Debug\LuaCommModule.unsuccessfulbuild" because "AlwaysCreate" was specified.
       ClCompile:
         c:\Program Files (x86)\Microsoft Visual Studio 10.0\VC\bin\CL.exe /c /I"c:\Program Files (x86)\Lua\5.1\include" /ZI /nologo /W3 /WX- /Od /Oy- /D WIN32 /D _DEBUG /D _WINDOWS /D _USRDLL /D LUACOMMMODULE_EXPORTS /D _WINDLL /D _UNICODE /D UNICODE /Gm /EHsc /RTC1 /MDd /GS /fp:precise /Zc:wchar_t /Zc:forScope /Fo"Debug\\" /Fd"Debug\vc100.pdb" /Gd /TC /analyze- /errorReport:prompt LuaCommModule.c
         LuaCommModule.c
       ManifestResourceCompile:
         C:\Program Files (x86)\Microsoft SDKs\Windows\v7.0A\bin\rc.exe /nologo /fo"Debug\LuaCommModule.dll.embed.manifest.res" Debug\LuaCommModule_manifest.rc 
     1>C:\Program Files (x86)\MSBuild\Microsoft.Cpp\v4.0\Microsoft.CppBuild.targets(990,5): warning MSB8012: TargetPath(C:\Users\Han\Documents\Visual Studio 2010\Projects\LuaCommunications\Debug\LuaCommModule.dll) does not match the Linker's OutputFile property value (C:\LuaDevLibs\LuaCommModule.dll). This may cause your project to build incorrectly. To correct this, please make sure that $(OutDir), $(TargetName) and $(TargetExt) property values match the value specified in %(Link.OutputFile).
       Link:
         c:\Program Files (x86)\Microsoft Visual Studio 10.0\VC\bin\link.exe /ERRORREPORT:PROMPT /OUT:"C:\LuaDevLibs\LuaCommModule.dll" /INCREMENTAL /NOLOGO /LIBPATH:"c:\Program Files (x86)\Lua\5.1\lib" lua51.lib /MANIFEST /ManifestFile:"Debug\LuaCommModule.dll.intermediate.manifest" /MANIFESTUAC:"level='asInvoker' uiAccess='false'" /DEBUG /PDB:"C:\Users\Han\Documents\Visual Studio 2010\Projects\LuaCommunications\Debug\LuaCommModule.pdb" /SUBSYSTEM:WINDOWS /TLBID:1 /DYNAMICBASE /NXCOMPAT /IMPLIB:"C:\Users\Han\Documents\Visual Studio 2010\Projects\LuaCommunications\Debug\LuaCommModule.lib" /MACHINE:X86 /DLL Debug\LuaCommModule.dll.embed.manifest.res
         Debug\LuaCommModule.obj
       Manifest:
         Deleting file "Debug\LuaCommModule.dll.embed.manifest".
         C:\Program Files (x86)\Microsoft SDKs\Windows\v7.0A\bin\mt.exe /nologo /verbose /out:"Debug\LuaCommModule.dll.embed.manifest" /manifest Debug\LuaCommModule.dll.intermediate.manifest
         C:\Program Files (x86)\Microsoft SDKs\Windows\v7.0A\bin\rc.exe /nologo /fo"Debug\LuaCommModule.dll.embed.manifest.res" Debug\LuaCommModule_manifest.rc 
       LinkEmbedManifest:
         c:\Program Files (x86)\Microsoft Visual Studio 10.0\VC\bin\link.exe /ERRORREPORT:PROMPT /OUT:"C:\LuaDevLibs\LuaCommModule.dll" /INCREMENTAL /NOLOGO /LIBPATH:"c:\Program Files (x86)\Lua\5.1\lib" lua51.lib /MANIFEST /ManifestFile:"Debug\LuaCommModule.dll.intermediate.manifest" /MANIFESTUAC:"level='asInvoker' uiAccess='false'" /DEBUG /PDB:"C:\Users\Han\Documents\Visual Studio 2010\Projects\LuaCommunications\Debug\LuaCommModule.pdb" /SUBSYSTEM:WINDOWS /TLBID:1 /DYNAMICBASE /NXCOMPAT /IMPLIB:"C:\Users\Han\Documents\Visual Studio 2010\Projects\LuaCommunications\Debug\LuaCommModule.lib" /MACHINE:X86 /DLL Debug\LuaCommModule.dll.embed.manifest.res
         Debug\LuaCommModule.obj
         LuaCommModule.vcxproj -> C:\Users\Han\Documents\Visual Studio 2010\Projects\LuaCommunications\Debug\LuaCommModule.dll
       FinalizeBuildStatus:
         Deleting file "Debug\LuaCommModule.unsuccessfulbuild".
         Touching "Debug\LuaCommModule.lastbuildstate".
     1>Done Building Project "C:\Users\Han\Documents\Visual Studio 2010\Projects\LuaCommunications\LuaCommModule\LuaCommModule.vcxproj" (rebuild target(s)).

Build succeeded.

Time Elapsed 00:00:01.63
