C:\LUADEVLIBS\LUACOMMMODULE.DLL
C:\LUADEVLIBS\LUACOMMMODULE.ILK
C:\USERS\HAN\DOCUMENTS\VISUAL STUDIO 2010\PROJECTS\LUACOMMUNICATIONS\DEBUG\LUACOMMMODULE.PDB
C:\Users\Han\Documents\Visual Studio 2010\Projects\LuaCommunications\LuaCommModule\Debug\cl.command.1.tlog
C:\Users\Han\Documents\Visual Studio 2010\Projects\LuaCommunications\LuaCommModule\Debug\CL.read.1.tlog
C:\Users\Han\Documents\Visual Studio 2010\Projects\LuaCommunications\LuaCommModule\Debug\CL.write.1.tlog
C:\Users\Han\Documents\Visual Studio 2010\Projects\LuaCommunications\LuaCommModule\Debug\link.7976.read.1.tlog
C:\Users\Han\Documents\Visual Studio 2010\Projects\LuaCommunications\LuaCommModule\Debug\link.7976.write.1.tlog
C:\Users\Han\Documents\Visual Studio 2010\Projects\LuaCommunications\LuaCommModule\Debug\link.7976-cvtres.read.1.tlog
C:\Users\Han\Documents\Visual Studio 2010\Projects\LuaCommunications\LuaCommModule\Debug\link.7976-cvtres.write.1.tlog
C:\Users\Han\Documents\Visual Studio 2010\Projects\LuaCommunications\LuaCommModule\Debug\link.command.1.tlog
C:\Users\Han\Documents\Visual Studio 2010\Projects\LuaCommunications\LuaCommModule\Debug\link.read.1.tlog
C:\Users\Han\Documents\Visual Studio 2010\Projects\LuaCommunications\LuaCommModule\Debug\link.write.1.tlog
C:\Users\Han\Documents\Visual Studio 2010\Projects\LuaCommunications\LuaCommModule\Debug\link-cvtres.read.1.tlog
C:\Users\Han\Documents\Visual Studio 2010\Projects\LuaCommunications\LuaCommModule\Debug\link-cvtres.write.1.tlog
C:\USERS\HAN\DOCUMENTS\VISUAL STUDIO 2010\PROJECTS\LUACOMMUNICATIONS\LUACOMMMODULE\DEBUG\LUACOMMMODULE.DLL.EMBED.MANIFEST
C:\USERS\HAN\DOCUMENTS\VISUAL STUDIO 2010\PROJECTS\LUACOMMUNICATIONS\LUACOMMMODULE\DEBUG\LUACOMMMODULE.DLL.EMBED.MANIFEST.RES
C:\USERS\HAN\DOCUMENTS\VISUAL STUDIO 2010\PROJECTS\LUACOMMUNICATIONS\LUACOMMMODULE\DEBUG\LUACOMMMODULE.DLL.INTERMEDIATE.MANIFEST
C:\USERS\HAN\DOCUMENTS\VISUAL STUDIO 2010\PROJECTS\LUACOMMUNICATIONS\LUACOMMMODULE\DEBUG\LUACOMMMODULE.OBJ
C:\Users\Han\Documents\Visual Studio 2010\Projects\LuaCommunications\LuaCommModule\Debug\LuaCommModule_manifest.rc
C:\Users\Han\Documents\Visual Studio 2010\Projects\LuaCommunications\LuaCommModule\Debug\mt.command.1.tlog
C:\Users\Han\Documents\Visual Studio 2010\Projects\LuaCommunications\LuaCommModule\Debug\mt.read.1.tlog
C:\Users\Han\Documents\Visual Studio 2010\Projects\LuaCommunications\LuaCommModule\Debug\mt.write.1.tlog
C:\Users\Han\Documents\Visual Studio 2010\Projects\LuaCommunications\LuaCommModule\Debug\rc.command.1.tlog
C:\Users\Han\Documents\Visual Studio 2010\Projects\LuaCommunications\LuaCommModule\Debug\rc.read.1.tlog
C:\Users\Han\Documents\Visual Studio 2010\Projects\LuaCommunications\LuaCommModule\Debug\rc.write.1.tlog
C:\Users\Han\Documents\Visual Studio 2010\Projects\LuaCommunications\LuaCommModule\Debug\vc100.idb
C:\USERS\HAN\DOCUMENTS\VISUAL STUDIO 2010\PROJECTS\LUACOMMUNICATIONS\LUACOMMMODULE\DEBUG\VC100.PDB
